c:\users\com\desktop\project9\project9\debug\vc142.pdb
c:\users\com\desktop\project9\project9\debug\vc142.idb
c:\users\com\desktop\project9\project9\debug\menu.obj
c:\users\com\desktop\project9\project9\debug\main.obj
c:\users\com\desktop\project9\project9\debug\fileio.obj
c:\users\com\desktop\project9\project9\debug\contact.obj
c:\users\com\desktop\project9\debug\project9.exe
c:\users\com\desktop\project9\debug\project9.ilk
c:\users\com\desktop\project9\debug\project9.pdb
c:\users\ho\source\repos\project9\project9\debug\contact.obj
c:\users\ho\source\repos\project9\project9\debug\fileio.obj
c:\users\ho\source\repos\project9\project9\debug\main.obj
c:\users\ho\source\repos\project9\project9\debug\menu.obj
c:\users\ho\source\repos\project9\project9\debug\vc141.idb
c:\users\ho\source\repos\project9\project9\debug\vc142.idb
c:\users\ho\source\repos\project9\project9\debug\vc141.pdb
c:\users\ho\source\repos\project9\project9\debug\vc142.pdb
c:\users\ho\source\repos\project9\debug\project9.pdb
c:\users\ho\source\repos\project9\debug\project9.exe
c:\users\ho\source\repos\project9\debug\project9.ilk
c:\users\ho\source\repos\project9\project9\debug\project9.tlog\cl.command.1.tlog
c:\users\ho\source\repos\project9\project9\debug\project9.tlog\cl.read.1.tlog
c:\users\ho\source\repos\project9\project9\debug\project9.tlog\cl.write.1.tlog
c:\users\ho\source\repos\project9\project9\debug\project9.tlog\link.command.1.tlog
c:\users\ho\source\repos\project9\project9\debug\project9.tlog\link.read.1.tlog
c:\users\ho\source\repos\project9\project9\debug\project9.tlog\link.write.1.tlog
